root@demo-1:~/container/avr# docker build .
Sending build context to Docker daemon  2.048kB
Step 1/3 : FROM debian:buster-slim
 ---> 79fa6b1da13a
Step 2/3 : RUN apt-get update && apt-get install -y iputils-ping gcc-avr binutils-avr avr-libc
 ---> Running in c75d9db1323d
Get:1 http://deb.debian.org/debian buster InRelease [121 kB]
Get:2 http://security.debian.org/debian-security buster/updates InRelease [65.4 kB]
Get:3 http://deb.debian.org/debian buster-updates InRelease [51.9 kB]
Get:4 http://deb.debian.org/debian buster/main amd64 Packages [7906 kB]
Get:5 http://deb.debian.org/debian buster-updates/main amd64 Packages [7856 B]
Get:6 http://security.debian.org/debian-security buster/updates/main amd64 Packages [254 kB]
Fetched 8407 kB in 2s (4594 kB/s)
Reading package lists...
Reading package lists...
Building dependency tree...
Reading state information...
The following additional packages will be installed:
  libcap2 libcap2-bin libmpc3 libmpfr6 libpam-cap
Suggested packages:
  binutils gcc-doc gcc
The following NEW packages will be installed:
  avr-libc binutils-avr gcc-avr iputils-ping libcap2 libcap2-bin libmpc3
  libmpfr6 libpam-cap
0 upgraded, 9 newly installed, 0 to remove and 0 not upgraded.
Need to get 22.6 MB of archives.
After this operation, 133 MB of additional disk space will be used.
Get:1 http://deb.debian.org/debian buster/main amd64 libcap2 amd64 1:2.25-2 [17.6 kB]
Get:2 http://deb.debian.org/debian buster/main amd64 iputils-ping amd64 3:20180629-2+deb10u1 [43.3 kB]
Get:3 http://deb.debian.org/debian buster/main amd64 libmpfr6 amd64 4.0.2-1 [775 kB]
Get:4 http://deb.debian.org/debian buster/main amd64 libmpc3 amd64 1.1.0-1 [41.3 kB]
Get:5 http://deb.debian.org/debian buster/main amd64 binutils-avr amd64 2.26.20160125+Atmel3.6.1-4 [1464 kB]
Get:6 http://deb.debian.org/debian buster/main amd64 gcc-avr amd64 1:5.4.0+Atmel3.6.1-2 [15.3 MB]
Get:7 http://deb.debian.org/debian buster/main amd64 avr-libc all 1:2.0.0+Atmel3.6.1-2 [4875 kB]
Get:8 http://deb.debian.org/debian buster/main amd64 libcap2-bin amd64 1:2.25-2 [28.8 kB]
Get:9 http://deb.debian.org/debian buster/main amd64 libpam-cap amd64 1:2.25-2 [14.3 kB]
debconf: delaying package configuration, since apt-utils is not installed
Fetched 22.6 MB in 0s (60.2 MB/s)
Selecting previously unselected package libcap2:amd64.
(Reading database ... 6460 files and directories currently installed.)
Preparing to unpack .../0-libcap2_1%3a2.25-2_amd64.deb ...
Unpacking libcap2:amd64 (1:2.25-2) ...
Selecting previously unselected package iputils-ping.
Preparing to unpack .../1-iputils-ping_3%3a20180629-2+deb10u1_amd64.deb ...
Unpacking iputils-ping (3:20180629-2+deb10u1) ...
Selecting previously unselected package libmpfr6:amd64.
Preparing to unpack .../2-libmpfr6_4.0.2-1_amd64.deb ...
Unpacking libmpfr6:amd64 (4.0.2-1) ...
Selecting previously unselected package libmpc3:amd64.
Preparing to unpack .../3-libmpc3_1.1.0-1_amd64.deb ...
Unpacking libmpc3:amd64 (1.1.0-1) ...
Selecting previously unselected package binutils-avr.
Preparing to unpack .../4-binutils-avr_2.26.20160125+Atmel3.6.1-4_amd64.deb ...
Unpacking binutils-avr (2.26.20160125+Atmel3.6.1-4) ...
Selecting previously unselected package gcc-avr.
Preparing to unpack .../5-gcc-avr_1%3a5.4.0+Atmel3.6.1-2_amd64.deb ...
Unpacking gcc-avr (1:5.4.0+Atmel3.6.1-2) ...
Selecting previously unselected package avr-libc.
Preparing to unpack .../6-avr-libc_1%3a2.0.0+Atmel3.6.1-2_all.deb ...
Unpacking avr-libc (1:2.0.0+Atmel3.6.1-2) ...
Selecting previously unselected package libcap2-bin.
Preparing to unpack .../7-libcap2-bin_1%3a2.25-2_amd64.deb ...
Unpacking libcap2-bin (1:2.25-2) ...
Selecting previously unselected package libpam-cap:amd64.
Preparing to unpack .../8-libpam-cap_1%3a2.25-2_amd64.deb ...
Unpacking libpam-cap:amd64 (1:2.25-2) ...
Setting up binutils-avr (2.26.20160125+Atmel3.6.1-4) ...
Setting up libcap2:amd64 (1:2.25-2) ...
Setting up libcap2-bin (1:2.25-2) ...
Setting up libmpfr6:amd64 (4.0.2-1) ...
Setting up libmpc3:amd64 (1.1.0-1) ...
Setting up libpam-cap:amd64 (1:2.25-2) ...
debconf: unable to initialize frontend: Dialog
debconf: (TERM is not set, so the dialog frontend is not usable.)
debconf: falling back to frontend: Readline
debconf: unable to initialize frontend: Readline
debconf: (Can't locate Term/ReadLine.pm in @INC (you may need to install the Term::ReadLine module) (@INC contains: /etc/perl /usr/local/lib/x86_64-linux-gnu/perl/5.28.1 /usr/local/share/perl/5.28.1 /usr/lib/x86_64-linux-gnu/perl5/5.28 /usr/share/perl5 /usr/lib/x86_64-linux-gnu/perl/5.28 /usr/share/perl/5.28 /usr/local/lib/site_perl /usr/lib/x86_64-linux-gnu/perl-base) at /usr/share/perl5/Debconf/FrontEnd/Readline.pm line 7.)
debconf: falling back to frontend: Teletype
Setting up iputils-ping (3:20180629-2+deb10u1) ...
Setting up gcc-avr (1:5.4.0+Atmel3.6.1-2) ...
Setting up avr-libc (1:2.0.0+Atmel3.6.1-2) ...
Processing triggers for libc-bin (2.28-10) ...
Removing intermediate container c75d9db1323d
 ---> 2a7c31e5c640
Step 3/3 : CMD avr-gcc --version
 ---> Running in 6a43b95f0a2d
Removing intermediate container 6a43b95f0a2d
 ---> f29366dd2af5
Successfully built f29366dd2af5
